2016-03-23 08:12:40,749:  INFO - wt.pom.maxDbConnections=                 5
2016-03-23 08:12:40,749:  INFO - wt.pom.minDbConnections=                 5
2016-03-23 08:12:40,749:  INFO - wt.pom.dbConnectionsHardLimit=           0
2016-03-23 08:12:40,749:  INFO - wt.pom.dbConnectionsSoftLimitWaitTime=   0
2016-03-23 08:12:40,749:  INFO - wt.pom.dbConnectionsWaitTime=            0
2016-03-23 08:12:40,749:  INFO - wt.pom.connectionCloserThreshold=        0
2016-03-23 08:12:40,749:  INFO - wt.pom.connectionCloserIdleTimeout=      0
2016-03-23 08:12:40,749:  INFO - wt.pom.connectionMonitorSleepInterval=   10
2016-03-23 08:12:40,749:  INFO - wt.pom.lostConnectionCodes=              1012,3113,3114,12571,17002,17401,17008,17410
2016-03-23 08:12:40,749:  INFO - wt.pom.recoverableConnectionCodes=       
2016-03-23 08:12:40,749:  INFO - wt.pom.freeConnectionImmediate=          false
2016-03-23 08:12:40,749:  INFO - wt.pom.maxIdleStatementCaches=           5
2016-03-23 08:12:40,749:  INFO - wt.pom.jdbc.driver=                      
2016-03-23 08:12:40,749:  INFO - wt.pom.jdbc.url=                         
2016-03-23 08:12:40,749:  INFO - wt.pom.jdbc.host=                        
2016-03-23 08:12:40,749:  INFO - wt.pom.jdbc.port=                        
2016-03-23 08:12:40,765:  INFO - wt.pom.jdbc.service=                     
2016-03-23 08:12:40,765:  INFO - wt.pom.jdbc.database=                    
2016-03-23 08:12:40,765:  INFO - wt.pom.dbUser=                           null
2016-03-23 08:12:40,765:  INFO - wt.pom.dbSchemaUser=                     null
2016-03-23 08:12:40,765:  INFO - wt.pom.dbConnectionPropertiesNameList=   
2016-03-23 08:12:40,765:  INFO - wt.pom.dbConnectionPropertiesValueList=  
2016-03-23 08:12:40,765:  INFO - wt.pom.dbConnectionRetryCount=           10
2016-03-23 08:12:40,765:  INFO - wt.pom.userDefinedFunctionsFileName=     userDefinedFunctions.xml
2016-03-23 08:12:40,765:  INFO - wt.pom.rowPrefetchCount=                 20
2016-03-23 08:12:40,765:  INFO - wt.pom.statementCacheSize=               25
2016-03-23 08:12:40,765:  INFO - wt.pom.cachedStatementReuseLimit=        25
2016-03-23 08:12:40,765:  INFO - wt.pom.feedbackInterval=                 500
2016-03-23 08:12:40,765:  INFO - wt.pom.interruptInterval=                50
2016-03-23 08:12:40,765:  INFO - wt.pom.cachedStatementRSLimit=           -1
2016-03-23 08:12:40,765:  INFO - wt.pom.implicitTransactions=             false
2016-03-23 08:12:40,765:  INFO - wt.pom.implicitTransactionsRollbackTime= 600
2016-03-23 08:12:40,765:  INFO - wt.pom.navigateDepthThreshold=           4
2016-03-23 08:12:40,765:  INFO - wt.pom.navigateDepthUnionLimit=          10
2016-03-23 08:12:40,765:  INFO - wt.pom.queryDepthThreshold=              3
2016-03-23 08:12:40,765:  INFO - wt.pom.queryDepthInClauseSizeLimit=      300
2016-03-23 08:12:40,765:  INFO - wt.pom.lobChunkSize=                     32000
2016-03-23 08:12:40,765:  INFO - wt.pom.log.JDBCStatements=               false
2016-03-23 08:12:40,765:  INFO - wt.pom.log.fileJDBC=                     null
2016-03-23 08:12:40,765:  INFO - wt.pom.log.filterJDBC=                   null
2016-03-23 08:12:40,765:  INFO - wt.pom.chunk.defaultSize=                300
2016-03-23 08:12:40,765:  INFO - wt.pom.objectReferenceQuerySize=         254
2016-03-23 08:12:40,765:  INFO - wt.pom.objectReferenceQueryChunkSize=    500
2016-03-23 08:12:40,765:  INFO - wt.pom.objectReferenceQueryArrayTableEnabled= true
2016-03-23 08:12:40,765:  INFO - wt.pom.inflateHint=                      RULE
2016-03-23 08:12:40,765:  INFO - wt.pom.inflateSingleTableMode=           true
2016-03-23 08:12:40,765:  INFO - wt.pom.useBind=                          true
2016-03-23 08:12:40,765:  INFO - wt.pom.inClauseFixedSize=                5
2016-03-23 08:12:40,765:  INFO - wt.pom.inClauseSizeLimit=                1000
2016-03-23 08:12:40,765:  INFO - wt.pom.inClauseBindLimit=                300
2016-03-23 08:12:40,765:  INFO - wt.pom.inClauseUseBindOptimization=      true
2016-03-23 08:12:40,765:  INFO - wt.pom.inClauseBindOptimizationThreshold=250
2016-03-23 08:12:40,765:  INFO - wt.pom.inClauseBindOptimizationTempTableUsePrimaryKey=true
2016-03-23 08:12:40,765:  INFO - wt.pom.inClauseBindOptimizationCardinality=-1
2016-03-23 08:12:40,765:  INFO - wt.pom.cardinalityValueFixedSize=        100
2016-03-23 08:12:40,765:  INFO - wt.pom.queryBindLimit=                   65536
2016-03-23 08:12:40,765:  INFO - wt.pom.tempTableNumberPerThreshold=      5
2016-03-23 08:12:40,765:  INFO - wt.pom.tempTableArraySizeNumberOfThreshold=3
2016-03-23 08:12:40,765:  INFO - wt.pom.tempTableArraySizeThresholdValues=200,1000, 2000
2016-03-23 08:12:40,765:  INFO - wt.pom.tempTable.insertChunkSize=50000
2016-03-23 08:12:40,765:  INFO - wt.pom.startupQueryLimit=                -1
2016-03-23 08:12:40,765:  INFO - wt.pom.queryLimit=                       -1
2016-03-23 08:12:40,765:  INFO - wt.pom.paging.queueInvokeTime=           600
2016-03-23 08:12:40,765:  INFO - wt.pom.paging.sessionCleanupTime=        1800
2016-03-23 08:12:40,765:  INFO - wt.pom.paging.threshold=                 -1
2016-03-23 08:12:40,765:  INFO - wt.pom.paging.insertChunkSize=           250
2016-03-23 08:12:40,765:  INFO - wt.pom.paging.fetchLimit=                15
2016-03-23 08:12:40,765:  INFO - wt.pom.paging.fetchSleepInterval=        1000
2016-03-23 08:12:40,765:  INFO - wt.pom.paging.closeSleepInterval=        600
2016-03-23 08:12:40,765:  INFO - wt.pom.paging.snapshotQueryLimit=        -1
2016-03-23 08:12:40,765:  INFO - wt.pom.paging.pagingSessionLimit=        1
2016-03-23 08:12:40,765:  INFO - wt.pom.statementCache.summaryInterval=   0
2016-03-23 08:12:40,765:  INFO - wt.pom.enableNLSSort=                    true
2016-03-23 08:12:40,765:  INFO - wt.pom.constantArrayTableLimit=          4000
2016-03-23 08:12:40,765:  INFO - wt.pom.traceTiming.enable=               true
2016-03-23 08:12:40,765:  INFO - wt.pom.blobRead.handle620LV=             false
2016-03-23 08:12:40,765:  INFO - wt.pom.blobRead.handleOldLV=             false
2016-03-23 08:12:40,780:  INFO - wt.pom.blobRewrite.enabled=              false
2016-03-23 08:12:40,780:  INFO - wt.pom.selectForUpdateEnabled=           false
2016-03-23 08:12:40,780:  INFO - wt.pom.refreshCache.enabled=             true
2016-03-23 08:12:40,780:  INFO - wt.pom.refreshCache.summeryInterval=     0
2016-03-23 08:12:40,780:  INFO - wt.pom.refreshCache.size=                100
2016-03-23 08:12:40,780:  INFO - wt.pom.enableSQL99OuterjoinSyntax=       false
2016-03-23 08:12:40,780:  INFO - wt.pom.enableInListOptimizationWarning=  false
2016-03-23 08:12:40,780:  INFO - wt.pom.refIntegrity.ownerQuery.chunkThreshold=-1
2016-03-23 08:12:40,780:  INFO - wt.pom.refIntegrity.ownerQuery.roleChunkSize=-1
2016-03-23 08:12:40,780:  INFO - wt.pom.refIntegrity.ownerQuery.objectChunkSize=-1
2016-03-23 08:12:40,780:  INFO - wt.pom.refIntegrity.removeOids.objectChunkSize=-1
2016-03-23 08:12:40,780:  INFO - wt.pom.batch.spec.tableExpressionThreshold=5
2016-03-23 08:12:40,780:  INFO - wt.pom.batch.spec.useTableType=          true
2016-03-23 08:12:40,780:  INFO - wt.pom.batch.spec.useColumnList=         true
2016-03-23 08:12:40,780:  INFO - wt.pom.batch.spec.delete.classChunkSize= 2000
2016-03-23 08:12:40,780:  INFO - wt.pom.batch.spec.delete.chunkSize=      5000
2016-03-23 08:12:40,780:  INFO - wt.pom.batch.spec.delete.dispatchEvents= false
2016-03-23 08:12:40,780:  INFO - wt.pom.batch.retry.enable=               true
2016-03-23 08:12:40,780:  INFO - wt.pom.batch.closePreparedStatement.threshold=-1
2016-03-23 08:12:40,780:  INFO - wt.pom.batch.insert.chunkSize=           100000
2016-03-23 08:12:40,780:  INFO - wt.pom.batch.update.chunkSize=           100000
2016-03-23 08:12:40,780:  INFO - wt.pom.combineOrSubSelectExpressions=    true
2016-03-23 08:12:40,780:  INFO - wt.pom.emptyTableQueryClassChunkSize =   400
2016-03-23 08:12:40,780:  INFO - wt.pom.emptyTableQuery.excludedSourceClassNames =   
2016-03-23 08:12:40,780:  INFO - wt.pom.maxQueryRetryCount=               5
2016-03-23 08:12:40,780:  INFO - wt.pom.pdsDecoderBypassUserLoader =      true
2016-03-23 08:12:40,780:  INFO - wt.pom.oracle.blobExplictOpen.enable=    false
2016-03-23 08:12:40,780:  INFO - wt.pom.oracle.blobInlineWriteThreshold=  -1
2016-03-23 08:12:40,780:  INFO - wt.pom.oracle.disableAlwaysSemiJoin=     true
2016-03-23 08:12:40,780:  INFO - wt.pom.oracle.jdbcConnectionMemoryLimit= 48
2016-03-23 08:12:40,780:  INFO - wt.pom.oracle.nlssort.truncateLength=    600
2016-03-23 08:12:40,780:  INFO - wt.pom.resultSetThreadPool.size =        2
2016-03-23 08:12:40,780:  INFO - wt.pom.resultSetThreadPool.queueSize =   -1
2016-03-23 08:12:40,780:  INFO - wt.pom.resultSetThreadPool.implicitEnabled=false
2016-03-23 08:12:40,780:  INFO - wt.pom.externalTableValidSchemaNames =   null
2016-03-23 08:12:40,780:  INFO - wt.pom.pdsHandleByteAsShort =            false
2016-03-23 08:12:40,780:  INFO - wt.pom.useExplicitTimezoneForJDBC =      false
2016-03-23 08:12:40,780:  INFO - Windchill DataStore: Oracle
2016-03-23 08:12:40,780:  INFO - Windchill DataStore is not cluster 
2016-03-23 08:12:40,780:  INFO - JDBC Driver Version: major=-1 minor=-1
2016-03-23 08:12:40,812:  INFO - Introspection Runtime Mode = true
